Лог: focustrain.log 
Начало записи лога: 15.09.2024 12:46 

A crewman tries to sweep your legs, but you avoid the attack.

503H 151V 3811736X 4.38% 1093C [Att:30.17%] [Yabba:Good] [a crewman:Bad] T:20 Exits:S(D)> 
sta

Manek shouts 'Lads! Come help me against Yabba!'
Manek gives you a solid punch in the face.

490H 151V 3811736X 4.38% 1093C [Att:30.17%] [Yabba:Good] [a crewman:Bad] T:19 Exits:S(D)> 
You stand up.

490H 151V 3811736X 4.38% 1093C [Att:30.17%] [Yabba:Good] [a crewman:Bad] T:19 Exits:S(D)> 
tar manek
You focus your attacks upon a crewman.

490H 151V 3811736X 4.38% 1093C [Att:30.17%] [Yabba:Good] [a crewman:Perfect] T:17 Exits:S(D)> 

You dodge out of the way of a crewman's mistargeted kick.
You bruise a crewman with your hit.
A crewman misses you with his slash.
A crewman misses you with his slash.
A crewman misses you with his pierce.
A crewman misses you with his hit.
A crewman misses you with his slash.
A crewman misses you with his hit.
The first mate misses you with his slash.
Manek misses you with his hit.

490H 151V 3811698X 4.38% 1093C [Att:30.17%] [Yabba:Good] [a crewman:V.Good] T:16 Exits:S(D)> 

A crewman stands up.

490H 151V 3811698X 4.38% 1093C [Att:30.17%] [Yabba:Good] [a crewman:V.Good] T:16 Exits:S(D)> 

A crewman tries to punch you, but you deftly avoid his blow.

490H 151V 3811698X 4.38% 1093C [Att:30.17%] [Yabba:Good] [a crewman:V.Good] T:16 Exits:S(D)> 

A crewman tries to punch you, but you deftly avoid his blow.

490H 151V 3811698X 4.38% 1093C [Att:30.17%] [Yabba:Good] [a crewman:V.Good] T:16 Exits:S(D)> 

You dodge out of the way of the first mate's mistargeted kick.

490H 151V 3811698X 4.38% 1093C [Att:30.17%] [Yabba:Good] [a crewman:V.Good] T:15 Exits:S(D)> 

You dodge out of the way of a crewman's mistargeted kick.
A scavenging seagull leaves south.

490H 151V 3811698X 4.38% 1093C [Att:30.17%] [Yabba:Good] [a crewman:V.Good] T:14 Exits:S(D)> 
tar manek

Manek shouts 'Lads! Come help me against Yabba!'
Manek tries to sweep your legs, but you avoid the attack.

490H 151V 3811698X 4.38% 1093C [Att:30.17%] [Yabba:Good] [a crewman:V.Good] T:13 Exits:S(D)> 
You bruise a crewman with your hit.
A crewman misses you with his slash.
A crewman misses you with his slash.
A crewman misses you with his pierce.
A crewman misses you with his hit.
A crewman misses you with his slash.
A crewman misses you with his hit.
The first mate misses you with his slash.
Manek misses you with his hit.
You focus your attacks upon Manek.

490H 151V 3811660X 4.38% 1093C [Att:30.17%] [Yabba:Good] [Manek:Perfect] T:12 Exits:S(D)> 

You dodge out of the way of a crewman's mistargeted kick.

490H 151V 3811660X 4.38% 1093C [Att:30.17%] [Yabba:Good] [Manek:Perfect] T:10 Exits:S(D)> 

A crewman tries to punch you, but you deftly avoid his blow.

490H 151V 3811660X 4.38% 1093C [Att:30.17%] [Yabba:Good] [Manek:Perfect] T:10 Exits:S(D)> 

A crewman tries to sweep your legs, but you avoid the attack.

490H 151V 3811660X 4.38% 1093C [Att:30.17%] [Yabba:Good] [Manek:Perfect] T:10 Exits:S(D)> 

You dodge out of the way of a crewman's mistargeted kick.

490H 151V 3811660X 4.38% 1093C [Att:30.17%] [Yabba:Good] [Manek:Perfect] T:10 Exits:S(D)> 

The first mate gives you a solid punch in the face.

482H 151V 3811660X 4.38% 1093C [Att:30.17%] [Yabba:Good] [Manek:Perfect] T:9 Exits:S(D)> 

You barely hit Manek.
A crewman misses you with his slash.
A crewman misses you with his slash.
A crewman misses you with his pierce.
A crewman misses you with his hit.
A crewman misses you with his slash.
A crewman misses you with his hit.
The first mate misses you with his slash.
Manek misses you with his hit.

482H 151V 3811528X 4.38% 1093C [Att:30.17%] [Yabba:Good] [Manek:V.Good] T:8 Exits:S(D)> 
tar crewman
You focus your attacks upon a crewman.
You feel especially skillful today.

482H 151V 3811528X 4.38% 1093C [Att:30.17%] [Yabba:Good] [a crewman:Bad] T:8 Exits:S(D)> 

A crewman tries to punch you, but you deftly avoid his blow.
A scavenging seagull arrives from the south.
A crewman stumbles and falls while trying to bash you.
The first mate tries to sunder your shield but fails miserably.
You dodge out of the way of a crewman's mistargeted kick.
Manek shouts 'Lads! Come help me against Yabba!'
You dodge out of the way of Manek's mistargeted kick.

482H 151V 3811528X 4.38% 1093C [Att:30.17%] [Yabba:Good] [a crewman:Bad] T:8 Exits:S(D)> 
fle

You are sent sprawling as a crewman crashes into you.
You bruise a crewman with your hit.
A crewman misses you with his slash.
A crewman misses you with his slash.
A crewman misses you with his pierce.
A crewman misses you with his hit.
A crewman misses you with his slash.
A crewman misses you with his hit.
The first mate misses you with his slash.
Manek misses you with his hit.

472H 151V 3811490X 4.38% 1093C [Att:30.17%] [Yabba:Good] [a crewman:V.Bad] T:4 Exits:S(D)> 

A crewman tries to punch you, but you deftly avoid his blow.

472H 151V 3811490X 4.38% 1093C [Att:30.17%] [Yabba:Good] [a crewman:V.Bad] T:4 Exits:S(D)> 

A crewman tries to punch you, but you deftly avoid his blow.

472H 151V 3811490X 4.38% 1093C [Att:30.17%] [Yabba:Good] [a crewman:V.Bad] T:4 Exits:S(D)> 

You dodge out of the way of the first mate's mistargeted kick.

472H 151V 3811490X 4.38% 1093C [Att:30.17%] [Yabba:Good] [a crewman:V.Bad] T:3 Exits:S(D)> 

You dodge out of the way of a crewman's mistargeted kick.
A scavenging seagull leaves south.

472H 151V 3811490X 4.38% 1093C [Att:30.17%] [Yabba:Good] [a crewman:V.Bad] T:2 Exits:S(D)> 
sta

Manek shouts 'Lads! Come help me against Yabba!'

472H 151V 3811490X 4.38% 1093C [Att:30.17%] [Yabba:Good] [a crewman:V.Bad] T:1 Exits:S(D)> 

You barely hit a crewman.
A crewman misses you with his slash.
A crewman misses you with his slash.
A crewman misses you with his pierce.
A crewman misses you with his hit.
A crewman misses you with his slash.
A crewman misses you with his hit.
The first mate misses you with his slash.
Manek bruises YOU with his hit.

507H 151V 3811438X 4.38% 1093C [Att:30.17%] [Yabba:Good] [a crewman:V.Bad] T:60 Exits:S(D)> 

A crewman stands up.

507H 151V 3811438X 4.38% 1093C [Att:30.17%] [Yabba:Good] [a crewman:V.Bad] T:58 Exits:S(D)> 

A crewman tries to sweep your legs, but you avoid the attack.

507H 151V 3811438X 4.38% 1093C [Att:30.17%] [Yabba:Good] [a crewman:V.Bad] T:58 Exits:S(D)> 

You dodge out of the way of a crewman's mistargeted kick.

507H 151V 3811438X 4.38% 1093C [Att:30.17%] [Yabba:Good] [a crewman:V.Bad] T:58 Exits:S(D)> 
fle

The first mate gives you a solid punch in the face.

500H 151V 3811438X 4.38% 1093C [Att:30.17%] [Yabba:Good] [a crewman:V.Bad] T:57 Exits:S(D)> 

You barely hit a crewman.
A crewman misses you with his slash.
A crewman misses you with his slash.
A crewman misses you with his pierce.
A crewman misses you with his hit.
A crewman misses you with his slash.
A crewman misses you with his hit.
The first mate misses you with his slash.
Manek misses you with his hit.

500H 151V 3811386X 4.38% 1093C [Att:30.17%] [Yabba:Good] [a crewman:V.Bad] T:56 Exits:S(D)> 
You can't do that while sitting.

500H 151V 3811386X 4.38% 1093C [Att:30.17%] [Yabba:Good] [a crewman:V.Bad] T:56 Exits:S(D)> 
A crewman tries to punch you, but you deftly avoid his blow.
You stand up.

500H 151V 3811386X 4.38% 1093C [Att:30.17%] [Yabba:Good] [a crewman:V.Bad] T:56 Exits:S(D)> 
You flee head over heels.
The Trading Deck
You sense that you are not alone.
A seagull wanders about looking for leftover fish.
A seagull wanders about looking for leftover fish.
Hindle, the master of trade stands here, looking to barter.

500H 150V 3811386X 4.38% 1093C [Att:30.17%] T:55 Exits:NESW> 
w
On the Main Deck
A seagull wanders about looking for leftover fish.

500H 149V 3811386X 4.38% 1093C [Att:30.17%] T:55 Exits:NESW> 
w
The Mast

500H 148V 3811386X 4.38% 1093C [Att:30.17%] T:54 Exits:NESWU> 
s
On the Deck

500H 147V 3811386X 4.38% 1093C [Att:30.17%] T:54 Exits:NEWD> 
s
Alas, you cannot go that way...

500H 147V 3811386X 4.38% 1093C [Att:30.17%] T:54 Exits:NEWD> 
d
A Rickety Plank

500H 146V 3811386X 4.38% 1093C [Att:30.17%] T:53 Exits:SU> 
s
Harbor of Kalaman
A sailor fresh off the boat is looking for a good time in town.

500H 145V 3811386X 4.38% 1093C [Att:30.17%] T:52 Exits:NEW> 

A sailor leaves east.

500H 145V 3811386X 4.38% 1093C [Att:30.17%] T:52 Exits:NEW> 
w
w
Harbor of Kalaman
A sailor fresh off the boat is looking for a good time in town.

500H 144V 3811386X 4.38% 1093C [Att:30.17%] T:52 Exits:EW> 
Harbor of Kalaman

500H 143V 3811386X 4.38% 1093C [Att:30.17%] T:51 Exits:ESW> 
s
Outside the Northern City Gates of Kalaman

500H 142V 3811386X 4.38% 1093C [Att:30.17%] T:51 Exits:NS> 
s
s
Northern City Gates
A cityguard of Kalaman stands here, guarding the northern gates.
A cityguard of Kalaman stands here, guarding the northern gates.
A cityguard of Kalaman stands here, guarding the northern gates.
A cityguard of Kalaman stands here, guarding the northern gates.

500H 141V 3811386X 4.38% 1093C [Att:30.17%] T:51 Exits:NS> 
s
Intersection of Vingaard Avenue and Wall Road

500H 140V 3811386X 4.38% 1093C [Att:30.17%] T:51 Exits:NESW> 
s
Vingaard Avenue North
A cityguard of Kalaman looks about for signs of trouble.
A little girl is playing around in the street.

500H 139V 3811386X 4.38% 1093C [Att:30.17%] T:50 Exits:NS> 
Vingaard Avenue North

500H 138V 3811386X 4.38% 1093C [Att:30.17%] T:50 Exits:NSW> 
s
Vingaard Avenue North

500H 137V 3811386X 4.38% 1093C [Att:30.17%] T:50 Exits:NES> 
e
e
Hamilton Way
A woman with a bag of groceries is making her way home.

500H 136V 3811386X 4.38% 1093C [Att:30.17%] T:49 Exits:NEW> 
e
Hamilton Way
A merchant has erected a portable counter in the middle of the street here.

500H 135V 3811386X 4.38% 1093C [Att:30.17%] T:48 Exits:NESW> 
Hamilton Way

500H 134V 3811386X 4.38% 1093C [Att:30.17%] T:48 Exits:NSW> 
e
e
Alas, you cannot go that way...

500H 134V 3811386X 4.38% 1093C [Att:30.17%] T:48 Exits:NSW> 
Alas, you cannot go that way...

500H 134V 3811386X 4.38% 1093C [Att:30.17%] T:48 Exits:NSW> 
n
Entrance to the Academy
A cityguard of Kalaman looks about for signs of trouble.

500H 133V 3811386X 4.38% 1093C [Att:30.17%] T:47 Exits:(E)S> 
e
e
The door seems to be closed.

500H 133V 3811386X 4.38% 1093C [Att:30.17%] T:47 Exits:(E)S> 
e
The door seems to be closed.

500H 133V 3811386X 4.38% 1093C [Att:30.17%] T:47 Exits:(E)S> 
e
The door seems to be closed.

500H 133V 3811386X 4.38% 1093C [Att:30.17%] T:46 Exits:(E)S> 
The door seems to be closed.

500H 133V 3811386X 4.38% 1093C [Att:30.17%] T:46 Exits:(E)S> 
op door
Ok.

500H 133V 3811386X 4.38% 1093C [Att:30.17%] T:45 Exits:ES> 
e
e
Academy of the Fighting Arts

500H 132V 3811386X 4.38% 1093C [Att:30.17%] T:45 Exits:EW> 
e
A Wide Hallway

500H 131V 3811386X 4.38% 1093C [Att:30.17%] T:45 Exits:NESW> 
Warriors' Training Room
The master warrior is here practicing some swordsman skills.
A cityguard stands here, keeping a wary eye out for troublemakers.

500H 130V 3811386X 4.38% 1093C [Att:30.17%] T:45 Exits:W> 
learn a
The master warrior instructs you in the skill 'track'.
The master warrior instructs you in the skill 'target'.

500H 130V 3811386X 4.38% 1093C [Att:30.17%] T:44 Exits:W> 
ski
Your skills:

Note: ** means the skill is ready for training with a guildmaster.

 1:  axes          (good)          **  bludgeons     (good)          **
     long blades   (good)          **  miscellaneous (awful)           
     piercers      (awful)             pole arms     (awful)           
     short blades  (awful)             two-handed    (awful)           

     bash          (good)          **  kick          (excellent)     **
     rescue        (very good)         vigor         (good)          **
     parry         (below average)     punch         (good)          **
     target        (poor)            
     bandage       (good)          **  danger sense  (good)          **
     disarm        (below average)     sunder        (fair)            
     track         (very good)         warcry        (good)          **
     shield block  (below average) **

500H 130V 3811386X 4.38% 1093C [Att:30.17%] T:42 Exits:W> 
w
w
A Wide Hallway

500H 129V 3811386X 4.38% 1093C [Att:30.17%] T:28 Exits:NESW> 
w
Academy of the Fighting Arts

500H 128V 3811386X 4.38% 1093C [Att:30.17%] T:28 Exits:EW> 
w
w
Entrance to the Academy

500H 127V 3811386X 4.38% 1093C [Att:30.17%] T:28 Exits:ES> 
Alas, you cannot go that way...

500H 127V 3811386X 4.38% 1093C [Att:30.17%] T:27 Exits:ES> 
Alas, you cannot go that way...

500H 127V 3811386X 4.38% 1093C [Att:30.17%] T:27 Exits:ES> 
s
Hamilton Way

500H 126V 3811386X 4.38% 1093C [Att:30.17%] T:27 Exits:NSW> 
w
w
Hamilton Way
A merchant has erected a portable counter in the middle of the street here.

500H 125V 3811386X 4.38% 1093C [Att:30.17%] T:27 Exits:NESW> 
w
Hamilton Way
A woman with a bag of groceries is making her way home.

500H 124V 3811386X 4.38% 1093C [Att:30.17%] T:26 Exits:NEW> 
Vingaard Avenue North

500H 123V 3811386X 4.38% 1093C [Att:30.17%] T:26 Exits:NES> 
n
Vingaard Avenue North
A cityguard of Kalaman looks about for signs of trouble.

500H 122V 3811386X 4.38% 1093C [Att:30.17%] T:26 Exits:NSW> 
n
Vingaard Avenue North
A little girl is playing around in the street.

500H 121V 3811386X 4.38% 1093C [Att:30.17%] T:25 Exits:NS> 
n
n
Intersection of Vingaard Avenue and Wall Road

500H 120V 3811386X 4.38% 1093C [Att:30.17%] T:25 Exits:NESW> 
Northern City Gates
A cityguard of Kalaman stands here, guarding the northern gates.
A cityguard of Kalaman stands here, guarding the northern gates.
A cityguard of Kalaman stands here, guarding the northern gates.
A cityguard of Kalaman stands here, guarding the northern gates.

500H 119V 3811386X 4.38% 1093C [Att:30.17%] T:25 Exits:NS> 
n
n
Outside the Northern City Gates of Kalaman

500H 118V 3811386X 4.38% 1093C [Att:30.17%] T:25 Exits:NS> 
n
Harbor of Kalaman
A sailor fresh off the boat is looking for a good time in town.

500H 117V 3811386X 4.38% 1093C [Att:30.17%] T:24 Exits:ESW> 
n
Alas, you cannot go that way...

500H 117V 3811386X 4.38% 1093C [Att:30.17%] T:24 Exits:ESW> 
n
n
Alas, you cannot go that way...

500H 117V 3811386X 4.38% 1093C [Att:30.17%] T:24 Exits:ESW> 
n
Alas, you cannot go that way...

500H 117V 3811386X 4.38% 1093C [Att:30.17%] T:24 Exits:ESW> 
Alas, you cannot go that way...

500H 117V 3811386X 4.38% 1093C [Att:30.17%] T:23 Exits:ESW> 
e
Alas, you cannot go that way...

500H 117V 3811386X 4.38% 1093C [Att:30.17%] T:23 Exits:ESW> 
e
Harbor of Kalaman

500H 116V 3811386X 4.38% 1093C [Att:30.17%] T:23 Exits:EW> 
Harbor of Kalaman

500H 115V 3811386X 4.38% 1093C [Att:30.17%] T:23 Exits:NEW> 
l
Harbor of Kalaman

500H 115V 3811386X 4.38% 1093C [Att:30.17%] T:22 Exits:NEW> 
n
A Rickety Plank

500H 114V 3811386X 4.38% 1093C [Att:30.17%] T:19 Exits:SU> 
u
On the Deck
A seagull wanders about looking for leftover fish.
A seagull wanders about looking for leftover fish.

500H 113V 3811386X 4.38% 1093C [Att:30.17%] T:19 Exits:NEWD> 
e
On the Main Deck

500H 112V 3811386X 4.38% 1093C [Att:30.17%] T:18 Exits:NEW> 
n
On the Main Deck

500H 111V 3811386X 4.38% 1093C [Att:30.17%] T:17 Exits:NESW> 
e
The Trading Deck
You sense that you are not alone.
Hindle, the master of trade stands here, looking to barter.

500H 110V 3811386X 4.38% 1093C [Att:30.17%] T:16 Exits:NESW> 
n
Manek says 'I own this ship and you are welcome... as long as you are not
thieves or burglars.'
Counting Table
A crewman is resting here.
A crewman sits here eating up the food before him.
A crewman sits here eating up the food before him.
A crewman sits here eating up the food before him.
The first mate is here supervising operations.
A crewman stands here swabbing the decks.
Manek, a large man wearing clothes of luxury stands here sneering.
A crewman stands up.
The first mate tries to sunder your shield but fails miserably.
You feel ribs crack as you are kicked in the chest by Manek.

498H 109V 3811386X 4.38% 1093C [Att:30.17%] [Yabba:Good] [the first mate:Perfect] T:16 Exits:S(D)> 

Manek misses you with his hit.
Manek misses you with his hit.
The first mate misses you with his slash.
You miss the first mate with your hit.

498H 109V 3811386X 4.38% 1093C [Att:30.17%] [Yabba:Good] [the first mate:Perfect] T:12 Exits:S(D)> 
fle
You flee head over heels.
The Trading Deck
You sense that you are not alone.
Hindle, the master of trade stands here, looking to barter.

498H 108V 3811386X 4.38% 1093C [Att:30.17%] T:12 Exits:NESW> 
n
Manek says 'I own this ship and you are welcome... as long as you are not
thieves or burglars.'
Counting Table
A crewman sits here eating up the food before him.
A crewman sits here eating up the food before him.
A crewman sits here eating up the food before him.
A crewman sits here eating up the food before him.
The first mate is here supervising operations.
A crewman stands here swabbing the decks.
Manek, a large man wearing clothes of luxury stands here sneering.
The first mate tries to sunder your shield but fails miserably.
Manek tries to sweep your legs, but you avoid the attack.

498H 107V 3811386X 4.38% 1093C [Att:30.17%] [Yabba:Good] [the first mate:Perfect] T:11 Exits:S(D)> 

Manek misses you with his hit.
The first mate misses you with his slash.
You miss the first mate with your hit.

498H 107V 3811386X 4.38% 1093C [Att:30.17%] [Yabba:Good] [the first mate:Perfect] T:8 Exits:S(D)> 

Manek shouts 'Lads! Come help me against Yabba!'
Sensing danger, you prepare as best you can.

498H 107V 3811386X 4.38% 1093C [Att:30.17%] [Yabba:Good] [the first mate:Perfect] T:7 Exits:S(D)> 
tar manek
You focus your attacks upon Manek.

498H 107V 3811386X 4.38% 1093C [Att:30.17%] [Yabba:Good] [Manek:Perfect] T:6 Exits:S(D)> 

You are sent sprawling as a crewman crashes into you.
A crewman misses you with his hit.
You miss Manek with your hit.
Manek misses you with his hit.
The first mate misses you with his slash.

486H 107V 3811386X 4.38% 1093C [Att:30.17%] [Yabba:Good] [Manek:Perfect] T:4 Exits:S(D)> 

You dodge out of the way of a crewman's mistargeted kick.

486H 107V 3811386X 4.38% 1093C [Att:30.17%] [Yabba:Good] [Manek:Perfect] T:4 Exits:S(D)> 

You dodge out of the way of a crewman's mistargeted kick.

486H 107V 3811386X 4.38% 1093C [Att:30.17%] [Yabba:Good] [Manek:Perfect] T:4 Exits:S(D)> 

A crewman tries to punch you, but you deftly avoid his blow.

486H 107V 3811386X 4.38% 1093C [Att:30.17%] [Yabba:Good] [Manek:Perfect] T:4 Exits:S(D)> 

The first mate tries to punch you, but you deftly avoid his blow.

486H 107V 3811386X 4.38% 1093C [Att:30.17%] [Yabba:Good] [Manek:Perfect] T:3 Exits:S(D)> 

Manek shouts 'Lads! Come help me against Yabba!'
Manek tries to sweep your legs, but you avoid the attack.

486H 107V 3811386X 4.38% 1093C [Att:30.17%] [Yabba:Good] [Manek:Perfect] T:1 Exits:S(D)> 
tar crewman

A crewman misses you with his slash.
A crewman misses you with his pierce.
A crewman misses you with his hit.
A crewman misses you with his slash.
A crewman misses you with his hit.
You miss Manek with your hit.
Manek misses you with his hit.
The first mate misses you with his slash.
You feel more vigorous.
You are hungry.
You are thirsty.

574H 146V 3811386X 4.38% 1093C [Att:30.17%] [Yabba:Perfect] [Manek:Perfect] T:60 Exits:S(D)> 

A crewman tries to punch you, but you deftly avoid his blow.

574H 146V 3811386X 4.38% 1093C [Att:30.17%] [Yabba:Perfect] [Manek:Perfect] T:58 Exits:S(D)> 

A crewman tries to punch you, but you deftly avoid his blow.

574H 146V 3811386X 4.38% 1093C [Att:30.17%] [Yabba:Perfect] [Manek:Perfect] T:58 Exits:S(D)> 

A crewman tries to sweep your legs, but you avoid the attack.

574H 146V 3811386X 4.38% 1093C [Att:30.17%] [Yabba:Perfect] [Manek:Perfect] T:58 Exits:S(D)> 
get water chest
drink water
put all.water chest

The first mate tries to sunder your shield but fails miserably.

574H 146V 3811386X 4.38% 1093C [Att:30.17%] [Yabba:Perfect] [Manek:Perfect] T:57 Exits:S(D)> 

A crewman misses you with his slash.
A crewman misses you with his pierce.
A crewman misses you with his hit.
A crewman misses you with his slash.
A crewman misses you with his hit.
You miss Manek with your hit.
Manek misses you with his hit.
The first mate misses you with his slash.

574H 146V 3811386X 4.38% 1093C [Att:30.17%] [Yabba:Perfect] [Manek:Perfect] T:56 Exits:S(D)> 
get food chest
eat food
put all.food chest
You can't do that while sitting.

574H 146V 3811386X 4.38% 1093C [Att:30.17%] [Yabba:Perfect] [Manek:Perfect] T:54 Exits:S(D)> 
You get a large waterskin from a small wooden chest.

574H 146V 3811386X 4.38% 1093C [Att:30.17%] [Yabba:Perfect] [Manek:Perfect] T:53 Exits:S(D)> 
You lift a large waterskin to your lips and take a long swig.
You are hungry.

574H 146V 3811386X 4.38% 1093C [Att:30.17%] [Yabba:Perfect] [Manek:Perfect] T:53 Exits:S(D)> 
You put a large waterskin in a small wooden chest.

574H 146V 3811386X 4.38% 1093C [Att:30.17%] [Yabba:Perfect] [Manek:Perfect] T:53 Exits:S(D)> 
You get an entire loaf of bread from a small wooden chest.

574H 146V 3811386X 4.38% 1093C [Att:30.17%] [Yabba:Perfect] [Manek:Perfect] T:53 Exits:S(D)> 
You dodge out of the way of a crewman's mistargeted kick.
A crewman misses you with his slash.
A crewman misses you with his pierce.
A crewman misses you with his hit.
A crewman misses you with his slash.
A crewman misses you with his hit.
A crewman misses you with his hit.
stand
You should probably stand up!
You miss Manek with your hit.
Manek misses you with his hit.
The first mate misses you with his slash.
You stuff an entire loaf of bread in your mouth.
You are full.

574H 146V 3811386X 4.38% 1093C [Att:30.17%] [Yabba:Perfect] [Manek:Perfect] T:52 Exits:S(D)> 
You dodge out of the way of a crewman's mistargeted kick.
You put an entire loaf of bread in a small wooden chest.

574H 146V 3811386X 4.38% 1093C [Att:30.17%] [Yabba:Perfect] [Manek:Perfect] T:52 Exits:S(D)> 
You dodge out of the way of a crewman's mistargeted kick.
You stand up.

574H 146V 3811386X 4.38% 1093C [Att:30.17%] [Yabba:Perfect] [Manek:Perfect] T:52 Exits:S(D)> 

A crewman stumbles and falls while trying to bash you.

574H 146V 3811386X 4.38% 1093C [Att:30.17%] [Yabba:Perfect] [Manek:Perfect] T:52 Exits:S(D)> 

Manek shouts 'Lads! Come help me against Yabba!'
Sensing danger, you prepare as best you can.

574H 146V 3811386X 4.38% 1093C [Att:30.17%] [Yabba:Perfect] [Manek:Perfect] T:49 Exits:S(D)> 

A crewman misses you with his slash.
A crewman misses you with his pierce.
A crewman misses you with his hit.
A crewman misses you with his slash.
A crewman misses you with his hit.
You barely hit Manek.
Manek misses you with his hit.
The first mate misses you with his slash.

574H 146V 3811254X 4.38% 1093C [Att:30.17%] [Yabba:Perfect] [Manek:V.Good] T:48 Exits:S(D)> 

You feel especially skillful today.
Sensing danger, you prepare as best you can.
A crewman tries to sweep your legs, but you avoid the attack.

574H 146V 3811254X 4.38% 1093C [Att:30.17%] [Yabba:Perfect] [Manek:V.Good] T:46 Exits:S(D)> 

You dodge out of the way of a crewman's mistargeted kick.

574H 146V 3811254X 4.38% 1093C [Att:30.17%] [Yabba:Perfect] [Manek:V.Good] T:46 Exits:S(D)> 

Sensing danger, you prepare as best you can.
You dodge out of the way of a crewman's mistargeted kick.

574H 146V 3811254X 4.38% 1093C [Att:30.17%] [Yabba:Perfect] [Manek:V.Good] T:46 Exits:S(D)> 

The first mate tries to sunder your shield but fails miserably.

574H 146V 3811254X 4.38% 1093C [Att:30.17%] [Yabba:Perfect] [Manek:V.Good] T:45 Exits:S(D)> 
l
Counting Table
A crewman is sitting here, fighting YOU.
A crewman is standing here, fighting YOU.
A crewman is standing here, fighting YOU.
A crewman is standing here, fighting YOU.
The first mate is standing here, fighting YOU.
A crewman stands here swabbing the decks.
Manek is standing here, fighting YOU.

574H 146V 3811254X 4.38% 1093C [Att:30.17%] [Yabba:Perfect] [Manek:V.Good] T:45 Exits:S(D)> 

A crewman misses you with his slash.
A crewman misses you with his pierce.
A crewman misses you with his hit.
A crewman misses you with his slash.
A crewman misses you with his hit.
You miss Manek with your hit.
Manek misses you with his hit.
The first mate misses you with his slash.

574H 146V 3811254X 4.38% 1093C [Att:30.17%] [Yabba:Perfect] [Manek:V.Good] T:44 Exits:S(D)> 

Manek shouts 'Lads! Come help me against Yabba!'
Sensing danger, you prepare as best you can.

574H 146V 3811254X 4.38% 1093C [Att:30.17%] [Yabba:Perfect] [Manek:V.Good] T:43 Exits:S(D)> 

Sensing danger, you prepare as best you can.
You are sent sprawling as a crewman crashes into you.
A crewman misses you with his slash.
A crewman misses you with his pierce.
A crewman misses you with his hit.
A crewman misses you with his slash.
A crewman misses you with his hit.
You bruise Manek with your hit.
Manek misses you with his hit.
The first mate misses you with his slash.

561H 146V 3811156X 4.38% 1093C [Att:30.17%] [Yabba:V.Good] [Manek:V.Good] T:40 Exits:S(D)> 
tar crewman

You dodge out of the way of a crewman's mistargeted kick.

561H 146V 3811156X 4.38% 1093C [Att:30.17%] [Yabba:V.Good] [Manek:V.Good] T:40 Exits:S(D)> 

A crewman gives you a solid punch in the face.

556H 146V 3811156X 4.38% 1093C [Att:30.17%] [Yabba:V.Good] [Manek:V.Good] T:40 Exits:S(D)> 

A crewman stands up.

556H 146V 3811156X 4.38% 1093C [Att:30.17%] [Yabba:V.Good] [Manek:V.Good] T:40 Exits:S(D)> 

A crewman misses you with his slash.
A crewman misses you with his pierce.
A crewman misses you with his hit.
A crewman misses you with his slash.
A crewman misses you with his hit.
You miss Manek with your hit.
Manek misses you with his hit.
The first mate misses you with his slash.

556H 146V 3811156X 4.38% 1093C [Att:30.17%] [Yabba:V.Good] [Manek:V.Good] T:36 Exits:S(D)> 

A crewman tries to sweep your legs, but you avoid the attack.

556H 146V 3811156X 4.38% 1093C [Att:30.17%] [Yabba:V.Good] [Manek:V.Good] T:34 Exits:S(D)> 

You dodge out of the way of a crewman's mistargeted kick.

556H 146V 3811156X 4.38% 1093C [Att:30.17%] [Yabba:V.Good] [Manek:V.Good] T:34 Exits:S(D)> 

A crewman tries to punch you, but you deftly avoid his blow.

556H 146V 3811156X 4.38% 1093C [Att:30.17%] [Yabba:V.Good] [Manek:V.Good] T:34 Exits:S(D)> 
sta

The first mate tries to sweep your legs, but you avoid the attack.

556H 146V 3811156X 4.38% 1093C [Att:30.17%] [Yabba:V.Good] [Manek:V.Good] T:33 Exits:S(D)> 
A crewman misses you with his slash.
A crewman misses you with his pierce.
A crewman misses you with his hit.
A crewman misses you with his slash.
A crewman misses you with his hit.
stand
You should probably stand up!
You bruise Manek with your hit.
Manek misses you with his hit.
The first mate misses you with his slash.
You can't do that while sitting.

556H 146V 3811058X 4.38% 1093C [Att:30.17%] [Yabba:V.Good] [Manek:V.Good] T:32 Exits:S(D)> 
You stand up.

556H 146V 3811058X 4.38% 1093C [Att:30.17%] [Yabba:V.Good] [Manek:V.Good] T:32 Exits:S(D)> 
You are already standing.

556H 146V 3811058X 4.38% 1093C [Att:30.17%] [Yabba:V.Good] [Manek:V.Good] T:32 Exits:S(D)> 

Manek shouts 'Lads! Come help me against Yabba!'
You feel especially skillful today.
Sensing danger, you prepare as best you can.
Manek tries to punch you, but you deftly avoid his blow.

556H 146V 3811058X 4.38% 1093C [Att:30.17%] [Yabba:V.Good] [Manek:V.Good] T:31 Exits:S(D)> 
tar crewman
You focus your attacks upon a crewman.
You feel enlightened.

556H 146V 3811058X 4.38% 1093C [Att:30.17%] [Yabba:V.Good] [a crewman:Bad] T:30 Exits:S(D)> 

A crewman stumbles and falls while trying to bash you.
You miss a crewman with your hit.
A crewman misses you with his slash.
A crewman misses you with his pierce.
A crewman misses you with his hit.
A crewman misses you with his slash.
A crewman misses you with his hit.
Manek misses you with his hit.
The first mate misses you with his slash.

556H 146V 3811058X 4.38% 1093C [Att:30.17%] [Yabba:V.Good] [a crewman:Bad] T:28 Exits:S(D)> 

A crewman tries to punch you, but you deftly avoid his blow.

556H 146V 3811058X 4.38% 1093C [Att:30.17%] [Yabba:V.Good] [a crewman:Bad] T:28 Exits:S(D)> 

You dodge out of the way of a crewman's mistargeted kick.

556H 146V 3811058X 4.38% 1093C [Att:30.17%] [Yabba:V.Good] [a crewman:Bad] T:28 Exits:S(D)> 

A crewman stumbles and falls while trying to bash you.

556H 146V 3811058X 4.38% 1093C [Att:30.17%] [Yabba:V.Good] [a crewman:Bad] T:28 Exits:S(D)> 

The first mate tries to punch you, but you deftly avoid his blow.

556H 146V 3811058X 4.38% 1093C [Att:30.17%] [Yabba:V.Good] [a crewman:Bad] T:27 Exits:S(D)> 
tar manek
You focus your attacks upon Manek.

556H 146V 3811058X 4.38% 1093C [Att:30.17%] [Yabba:V.Good] [Manek:V.Good] T:26 Exits:S(D)> 

Manek shouts 'Lads! Come help me against Yabba!'

556H 146V 3811058X 4.38% 1093C [Att:30.17%] [Yabba:V.Good] [Manek:V.Good] T:25 Exits:S(D)> 

You bruise Manek with your hit.
A crewman misses you with his slash.
A crewman misses you with his pierce.
A crewman misses you with his hit.
A crewman misses you with his slash.
A crewman misses you with his hit.
Manek misses you with his hit.
The first mate misses you with his slash.

556H 146V 3810960X 4.38% 1093C [Att:30.17%] [Yabba:V.Good] [Manek:Good] T:24 Exits:S(D)> 
tar crewman

You dodge out of the way of a crewman's mistargeted kick.

556H 146V 3810960X 4.38% 1093C [Att:30.17%] [Yabba:V.Good] [Manek:Good] T:22 Exits:S(D)> 

A crewman tries to sweep your legs, but you avoid the attack.

556H 146V 3810960X 4.38% 1093C [Att:30.17%] [Yabba:V.Good] [Manek:Good] T:22 Exits:S(D)> 
You focus your attacks upon a crewman.

556H 146V 3810960X 4.38% 1093C [Att:30.17%] [Yabba:V.Good] [a crewman:Bad] T:21 Exits:S(D)> 

The first mate kicks you in the face, breaking teeth and bone. Blood flies as your head is rocked back.

554H 146V 3810960X 4.38% 1093C [Att:30.17%] [Yabba:V.Good] [a crewman:Bad] T:21 Exits:S(D)> 

You miss a crewman with your hit.
A crewman misses you with his slash.
A crewman misses you with his pierce.
A crewman misses you with his hit.
A crewman misses you with his slash.
A crewman misses you with his hit.
Manek's blow is absorbed by your armor.
The first mate misses you with his slash.

554H 146V 3810960X 4.38% 1093C [Att:30.17%] [Yabba:V.Good] [a crewman:Bad] T:20 Exits:S(D)> 

Manek shouts 'Lads! Come help me against Yabba!'

554H 146V 3810960X 4.38% 1093C [Att:30.17%] [Yabba:V.Good] [a crewman:Bad] T:19 Exits:S(D)> 
tar manek
You focus your attacks upon Manek.

554H 146V 3810960X 4.38% 1093C [Att:30.17%] [Yabba:V.Good] [Manek:Good] T:17 Exits:S(D)> 

A crewman stands up.
You miss Manek with your hit.
A crewman misses you with his slash.
A crewman misses you with his pierce.
A crewman misses you with his hit.
A crewman misses you with his slash.
A crewman misses you with his hit.
Manek misses you with his hit.
The first mate misses you with his slash.

554H 146V 3810960X 4.38% 1093C [Att:30.17%] [Yabba:V.Good] [Manek:Good] T:16 Exits:S(D)> 

A crewman tries to sweep your legs, but you avoid the attack.

554H 146V 3810960X 4.38% 1093C [Att:30.17%] [Yabba:V.Good] [Manek:Good] T:16 Exits:S(D)> 

A crewman stumbles and falls while trying to bash you.

554H 146V 3810960X 4.38% 1093C [Att:30.17%] [Yabba:V.Good] [Manek:Good] T:16 Exits:S(D)> 

A crewman stands up.

554H 146V 3810960X 4.38% 1093C [Att:30.17%] [Yabba:V.Good] [Manek:Good] T:16 Exits:S(D)> 

The first mate tries to punch you, but you deftly avoid his blow.

554H 146V 3810960X 4.38% 1093C [Att:30.17%] [Yabba:V.Good] [Manek:Good] T:15 Exits:S(D)> 
tar crewman
You try to attack a crewman, but stumble out of combat instead.

554H 146V 3810960X 4.38% 1093C [Att:30.17%] T:13 Exits:S(D)> 

Manek shouts 'Lads! Come help me against Yabba!'
You are sent sprawling as Manek crashes into you.

521H 146V 3810960X 4.38% 1093C [Att:30.17%] [Yabba:V.Good] [Manek:Good] T:13 Exits:S(D)> 

You miss Manek with your hit.
A crewman misses you with his slash.
A crewman misses you with his pierce.
A crewman misses you with his hit.
A crewman misses you with his slash.
A crewman misses you with his hit.
Manek misses you with his hit.
The first mate misses you with his slash.

521H 146V 3810960X 4.38% 1093C [Att:30.17%] [Yabba:V.Good] [Manek:Good] T:12 Exits:S(D)> 

You dodge out of the way of a crewman's mistargeted kick.

521H 146V 3810960X 4.38% 1093C [Att:30.17%] [Yabba:V.Good] [Manek:Good] T:10 Exits:S(D)> 

A crewman tries to punch you, but you deftly avoid his blow.

521H 146V 3810960X 4.38% 1093C [Att:30.17%] [Yabba:V.Good] [Manek:Good] T:10 Exits:S(D)> 

A crewman tries to punch you, but you deftly avoid his blow.

521H 146V 3810960X 4.38% 1093C [Att:30.17%] [Yabba:V.Good] [Manek:Good] T:10 Exits:S(D)> 

You miss Manek with your hit.
A crewman misses you with his slash.
A crewman misses you with his pierce.
A crewman misses you with his hit.
A crewman misses you with his slash.
A crewman misses you with his hit.
Manek hits YOU hard.
The first mate misses you with his slash.

509H 146V 3810960X 4.38% 1093C [Att:30.17%] [Yabba:Good] [Manek:Good] T:8 Exits:S(D)> 

You dodge out of the way of a crewman's mistargeted kick.
You miss Manek with your hit.
A crewman misses you with his slash.
A crewman misses you with his pierce.
A crewman misses you with his hit.
A crewman misses you with his slash.
A crewman misses you with his hit.
Manek misses you with his hit.
The first mate misses you with his slash.

509H 146V 3810960X 4.38% 1093C [Att:30.17%] [Yabba:Good] [Manek:Good] T:4 Exits:S(D)> 

A crewman tries to sweep your legs, but you avoid the attack.

509H 146V 3810960X 4.38% 1093C [Att:30.17%] [Yabba:Good] [Manek:Good] T:4 Exits:S(D)> 

A crewman stands up.

509H 146V 3810960X 4.38% 1093C [Att:30.17%] [Yabba:Good] [Manek:Good] T:4 Exits:S(D)> 

You dodge out of the way of a crewman's mistargeted kick.

509H 146V 3810960X 4.38% 1093C [Att:30.17%] [Yabba:Good] [Manek:Good] T:4 Exits:S(D)> 
sta

The first mate gives you a solid punch in the face.

500H 146V 3810960X 4.38% 1093C [Att:30.17%] [Yabba:Good] [Manek:Good] T:3 Exits:S(D)> 
tar crewman
Manek shouts 'Lads! Come help me against Yabba!'
You feel ribs crack as you are kicked in the chest by Manek.
You stand up.

494H 146V 3810960X 4.38% 1093C [Att:30.17%] [Yabba:Good] [Manek:Good] T:1 Exits:S(D)> 
You miss Manek with your hit.
A crewman misses you with his slash.
A crewman misses you with his pierce.
A crewman misses you with his hit.
A crewman misses you with his slash.
A crewman misses you with his hit.
Manek misses you with his hit.
Manek misses you with his hit.
The first mate misses you with his slash.
You feel more vigorous.
You focus your attacks upon a crewman.
You feel enlightened.

574H 151V 3810960X 4.38% 1093C [Att:30.17%] [Yabba:Perfect] [a crewman:Fair] T:60 Exits:S(D)> 

A crewman tries to sweep your legs, but you avoid the attack.

574H 151V 3810960X 4.38% 1093C [Att:30.17%] [Yabba:Perfect] [a crewman:Fair] T:58 Exits:S(D)> 

A crewman tries to punch you, but you deftly avoid his blow.

574H 151V 3810960X 4.38% 1093C [Att:30.17%] [Yabba:Perfect] [a crewman:Fair] T:58 Exits:S(D)> 

A crewman tries to punch you, but you deftly avoid his blow.

574H 151V 3810960X 4.38% 1093C [Att:30.17%] [Yabba:Perfect] [a crewman:Fair] T:58 Exits:S(D)> 

You dodge out of the way of a crewman's mistargeted kick.

574H 151V 3810960X 4.38% 1093C [Att:30.17%] [Yabba:Perfect] [a crewman:Fair] T:58 Exits:S(D)> 

The first mate tries to sunder your shield but fails miserably.

574H 151V 3810960X 4.38% 1093C [Att:30.17%] [Yabba:Perfect] [a crewman:Fair] T:57 Exits:S(D)> 

You bruise a crewman with your hit.
A crewman misses you with his slash.
A crewman misses you with his pierce.
A crewman misses you with his hit.
A crewman misses you with his slash.
A crewman misses you with his hit.
Manek's blow is absorbed by your armor.
The first mate misses you with his slash.

574H 151V 3810922X 4.38% 1093C [Att:30.17%] [Yabba:Perfect] [a crewman:Fair] T:56 Exits:S(D)> 
tar manek
You try to attack Manek, but stumble out of combat instead.

574H 151V 3810922X 4.38% 1093C [Att:30.17%] T:56 Exits:S(D)> 

Manek shouts 'Lads! Come help me against Yabba!'

574H 151V 3810922X 4.38% 1093C [Att:30.17%] [Yabba:Perfect] [Manek:Perfect] T:55 Exits:S(D)> 

A crewman stumbles and falls while trying to bash you.
You miss Manek with your hit.
A crewman misses you with his slash.
A crewman misses you with his pierce.
A crewman misses you with his hit.
A crewman misses you with his slash.
A crewman misses you with his hit.
Manek misses you with his hit.
The first mate misses you with his slash.

574H 151V 3810922X 4.38% 1093C [Att:30.17%] [Yabba:Perfect] [Manek:Perfect] T:52 Exits:S(D)> 

You are sent sprawling as a crewman crashes into you.

562H 151V 3810922X 4.38% 1093C [Att:30.17%] [Yabba:V.Good] [Manek:Perfect] T:52 Exits:S(D)> 

You dodge out of the way of a crewman's mistargeted kick.

562H 151V 3810922X 4.38% 1093C [Att:30.17%] [Yabba:V.Good] [Manek:Perfect] T:52 Exits:S(D)> 

A crewman tries to punch you, but you deftly avoid his blow.

562H 151V 3810922X 4.38% 1093C [Att:30.17%] [Yabba:V.Good] [Manek:Perfect] T:52 Exits:S(D)> 

You bruise Manek with your hit.
A crewman misses you with his slash.
A crewman misses you with his pierce.
A crewman misses you with his hit.
A crewman misses you with his slash.
A crewman misses you with his hit.
Manek misses you with his hit.
The first mate misses you with his slash.

562H 151V 3810856X 4.38% 1093C [Att:30.17%] [Yabba:V.Good] [Manek:V.Good] T:48 Exits:S(D)> 
sta

You dodge out of the way of a crewman's mistargeted kick.

562H 151V 3810856X 4.38% 1093C [Att:30.17%] [Yabba:V.Good] [Manek:V.Good] T:46 Exits:S(D)> 

You dodge out of the way of a crewman's mistargeted kick.

562H 151V 3810856X 4.38% 1093C [Att:30.17%] [Yabba:V.Good] [Manek:V.Good] T:46 Exits:S(D)> 

The first mate tries to sunder your shield but fails miserably.

562H 151V 3810856X 4.38% 1093C [Att:30.17%] [Yabba:V.Good] [Manek:V.Good] T:45 Exits:S(D)> 
tar crewman

You miss Manek with your hit.
A crewman misses you with his slash.
A crewman misses you with his pierce.
A crewman misses you with his hit.
A crewman misses you with his slash.
A crewman misses you with his hit.
Manek hits YOU.
The first mate misses you with his slash.

554H 151V 3810856X 4.38% 1093C [Att:30.17%] [Yabba:V.Good] [Manek:V.Good] T:44 Exits:S(D)> 

Manek shouts 'Lads! Come help me against Yabba!'
Manek gives you a solid punch in the face.

539H 151V 3810856X 4.38% 1093C [Att:30.17%] [Yabba:V.Good] [Manek:V.Good] T:43 Exits:S(D)> 

A crewman stands up.
You miss Manek with your hit.
A crewman misses you with his slash.
A crewman misses you with his pierce.
A crewman misses you with his hit.
A crewman misses you with his slash.
A crewman misses you with his hit.
Manek misses you with his hit.
The first mate misses you with his slash.

539H 151V 3810856X 4.38% 1093C [Att:30.17%] [Yabba:V.Good] [Manek:V.Good] T:40 Exits:S(D)> 
You dodge out of the way of a crewman's mistargeted kick.
You stand up.

539H 151V 3810856X 4.38% 1093C [Att:30.17%] [Yabba:V.Good] [Manek:V.Good] T:40 Exits:S(D)> 
You dodge out of the way of a crewman's mistargeted kick.
You can't seem to shift your focus.

539H 151V 3810856X 4.38% 1093C [Att:30.17%] [Yabba:V.Good] [Manek:V.Good] T:40 Exits:S(D)> 

You dodge out of the way of a crewman's mistargeted kick.

539H 151V 3810856X 4.38% 1093C [Att:30.17%] [Yabba:V.Good] [Manek:V.Good] T:40 Exits:S(D)> 

You are sent sprawling as the first mate crashes into you.

517H 151V 3810856X 4.38% 1093C [Att:30.17%] [Yabba:V.Good] [Manek:V.Good] T:39 Exits:S(D)> 

Manek shouts 'Lads! Come help me against Yabba!'

517H 151V 3810856X 4.38% 1093C [Att:30.17%] [Yabba:V.Good] [Manek:V.Good] T:37 Exits:S(D)> 

You miss Manek with your hit.
A crewman misses you with his slash.
A crewman misses you with his pierce.
A crewman misses you with his hit.
A crewman misses you with his slash.
A crewman misses you with his hit.
Manek misses you with his hit.
The first mate misses you with his slash.

517H 151V 3810856X 4.38% 1093C [Att:30.17%] [Yabba:V.Good] [Manek:V.Good] T:36 Exits:S(D)> 

You dodge out of the way of a crewman's mistargeted kick.

517H 151V 3810856X 4.38% 1093C [Att:30.17%] [Yabba:V.Good] [Manek:V.Good] T:34 Exits:S(D)> 

A crewman tries to punch you, but you deftly avoid his blow.

517H 151V 3810856X 4.38% 1093C [Att:30.17%] [Yabba:V.Good] [Manek:V.Good] T:34 Exits:S(D)> 

A crewman tries to punch you, but you deftly avoid his blow.

517H 151V 3810856X 4.38% 1093C [Att:30.17%] [Yabba:V.Good] [Manek:V.Good] T:34 Exits:S(D)> 

A crewman tries to punch you, but you deftly avoid his blow.

517H 151V 3810856X 4.38% 1093C [Att:30.17%] [Yabba:V.Good] [Manek:V.Good] T:34 Exits:S(D)> 

You barely hit Manek.
A crewman misses you with his slash.
A crewman misses you with his pierce.
A crewman misses you with his hit.
A crewman misses you with his slash.
A crewman misses you with his hit.
Manek misses you with his hit.
The first mate misses you with his slash.

517H 151V 3810724X 4.38% 1093C [Att:30.17%] [Yabba:V.Good] [Manek:V.Good] T:32 Exits:S(D)> 

Manek shouts 'Lads! Come help me against Yabba!'

517H 151V 3810724X 4.38% 1093C [Att:30.17%] [Yabba:V.Good] [Manek:V.Good] T:31 Exits:S(D)> 
sta

You dodge out of the way of a crewman's mistargeted kick.
You barely hit Manek.
A crewman misses you with his slash.
A crewman misses you with his pierce.
A crewman misses you with his hit.
A crewman misses you with his slash.
A crewman misses you with his hit.
Manek misses you with his hit.
The first mate misses you with his slash.

517H 151V 3810592X 4.38% 1093C [Att:30.17%] [Yabba:V.Good] [Manek:V.Good] T:28 Exits:S(D)> 

A crewman tries to sweep your legs, but you avoid the attack.

517H 151V 3810592X 4.38% 1093C [Att:30.17%] [Yabba:V.Good] [Manek:V.Good] T:28 Exits:S(D)> 

A crewman tries to sweep your legs, but you avoid the attack.

517H 151V 3810592X 4.38% 1093C [Att:30.17%] [Yabba:V.Good] [Manek:V.Good] T:28 Exits:S(D)> 
A crewman tries to sweep your legs, but you avoid the attack.
You stand up.

517H 151V 3810592X 4.38% 1093C [Att:30.17%] [Yabba:V.Good] [Manek:V.Good] T:28 Exits:S(D)> 
tar mate
You focus your attacks upon the first mate.

517H 151V 3810592X 4.38% 1093C [Att:30.17%] [Yabba:V.Good] [the first mate:Perfect] T:27 Exits:S(D)> 
wie axe

Manek shouts 'Lads! Come help me against Yabba!'
Manek tries to punch you, but you deftly avoid his blow.

517H 151V 3810592X 4.38% 1093C [Att:30.17%] [Yabba:V.Good] [the first mate:Perfect] T:25 Exits:S(D)> 

You miss the first mate with your hit.
A crewman misses you with his slash.
A crewman misses you with his pierce.
A crewman misses you with his hit.
A crewman misses you with his slash.
A crewman misses you with his hit.
Manek misses you with his hit.
The first mate misses you with his slash.

517H 151V 3810592X 4.38% 1093C [Att:30.17%] [Yabba:V.Good] [the first mate:Perfect] T:24 Exits:S(D)> 
You start using the axe.

517H 151V 3810592X 4.38% 1093C [Att:30.17%] [Yabba:V.Good] [the first mate:Perfect] T:23 Exits:S(D)> 

A crewman tries to sweep your legs, but you avoid the attack.

517H 151V 3810592X 4.38% 1093C [Att:30.17%] [Yabba:V.Good] [the first mate:Perfect] T:22 Exits:S(D)> 

You dodge out of the way of a crewman's mistargeted kick.

517H 151V 3810592X 4.38% 1093C [Att:30.17%] [Yabba:V.Good] [the first mate:Perfect] T:22 Exits:S(D)> 

A crewman stumbles and falls while trying to bash you.

517H 151V 3810592X 4.38% 1093C [Att:30.17%] [Yabba:V.Good] [the first mate:Perfect] T:22 Exits:S(D)> 

You dodge out of the way of a crewman's mistargeted kick.

517H 151V 3810592X 4.38% 1093C [Att:30.17%] [Yabba:V.Good] [the first mate:Perfect] T:22 Exits:S(D)> 

The first mate stumbles and falls while trying to bash you.

517H 151V 3810592X 4.38% 1093C [Att:30.17%] [Yabba:V.Good] [the first mate:Perfect] T:21 Exits:S(D)> 

You massacre the first mate with your cleave.
A crewman misses you with his slash.
A crewman misses you with his pierce.
A crewman misses you with his hit.
A crewman misses you with his slash.
A crewman misses you with his hit.
Manek misses you with his hit.
The first mate misses you with his slash.

517H 151V 3809960X 4.38% 1093C [Att:30.17%] [Yabba:V.Good] [the first mate:Good] T:20 Exits:S(D)> 
bash
stand

Manek shouts 'Lads! Come help me against Yabba!'

517H 151V 3809960X 4.38% 1093C [Att:30.17%] [Yabba:V.Good] [the first mate:Good] T:19 Exits:S(D)> 
You crash into the first mate in a bone crunching bash, sending him sprawling to the ground.

517H 151V 3808272X 4.38% 1093C [Att:30.17%] [Yabba:V.Good] [the first mate:Awful] T:18 Exits:S(D)> 

You dodge out of the way of a crewman's mistargeted kick.
You massacre the first mate with your cleave.
The first mate is mortally wounded, and will die soon, if not aided.
You feel especially skillful today.
A crewman misses you with his slash.
A crewman misses you with his pierce.
A crewman misses you with his hit.
A crewman misses you with his slash.
A crewman misses you with his hit.
Manek misses you with his hit.

517H 151V 3807586X 4.38% 1093C [Att:30.17%] [the first mate:Dying] T:16 Exits:S(D)> 

A crewman tries to punch you, but you deftly avoid his blow.

517H 151V 3807586X 4.38% 1093C [Att:30.17%] [the first mate:Dying] T:16 Exits:S(D)> 

You dodge out of the way of a crewman's mistargeted kick.

517H 151V 3807586X 4.38% 1093C [Att:30.17%] [the first mate:Dying] T:16 Exits:S(D)> 

Manek shouts 'Lads! Come help me against Yabba!'
Manek tries to disarm your weapon, but you deftly avoid him.

517H 151V 3807586X 4.38% 1093C [Att:30.17%] [the first mate:Dying] T:13 Exits:S(D)> 

You obliterate the first mate with your cleave.
get all.coins corpse
exa corpse
You receive 22554 experience.
The first mate is dead! R.I.P.
A crewman misses you with his slash.
A crewman misses you with his pierce.
A crewman misses you with his hit.
A crewman misses you with his slash.
A crewman misses you with his hit.
Manek misses you with his hit.
The death cry of the first mate echoes from somewhere nearby...
You direct your attention to a crewman.

517H 151V 3785032X 4.46% 1093C [Att:30.17%] [Yabba:V.Good] [a crewman:Perfect] T:12 Exits:S(D)> 
rem axe

You dodge out of the way of a crewman's mistargeted kick.

517H 151V 3785032X 4.46% 1093C [Att:30.17%] [Yabba:V.Good] [a crewman:Perfect] T:10 Exits:S(D)> 

A crewman tries to sweep your legs, but you avoid the attack.

517H 151V 3785032X 4.46% 1093C [Att:30.17%] [Yabba:V.Good] [a crewman:Perfect] T:10 Exits:S(D)> 

A crewman stands up.

517H 151V 3785032X 4.46% 1093C [Att:30.17%] [Yabba:V.Good] [a crewman:Perfect] T:10 Exits:S(D)> 
You dodge out of the way of a crewman's mistargeted kick.
You are already standing.

517H 151V 3785032X 4.46% 1093C [Att:30.17%] [Yabba:V.Good] [a crewman:Perfect] T:10 Exits:S(D)> 
You get a pile of coins from the corpse of the first mate.
There were 20 coins.

517H 151V 3785032X 4.46% 1113C [Att:30.17%] [Yabba:V.Good] [a crewman:Perfect] T:9 Exits:S(D)> 
It's a pretty ghastly sight! Searching through the remains, you find:
corpse (here) : 
a sturdy halberd

517H 151V 3785032X 4.46% 1113C [Att:30.17%] [Yabba:V.Good] [a crewman:Perfect] T:9 Exits:S(D)> 
You stop using a double edged battle axe.

517H 151V 3785032X 4.46% 1113C [Att:30.17%] [Yabba:V.Good] [a crewman:Perfect] T:9 Exits:S(D)> 

You bruise a crewman with your hit.
A crewman misses you with his slash.
A crewman misses you with his pierce.
A crewman misses you with his hit.
A crewman misses you with his slash.
A crewman misses you with his hit.
Manek misses you with his hit.

517H 151V 3784994X 4.46% 1113C [Att:30.17%] [Yabba:V.Good] [a crewman:V.Good] T:8 Exits:S(D)> 
l

Manek shouts 'Lads! Come help me against Yabba!'
Manek tries to sweep your legs, but you avoid the attack.

517H 151V 3784994X 4.46% 1113C [Att:30.17%] [Yabba:V.Good] [a crewman:V.Good] T:7 Exits:S(D)> 
Counting Table
The corpse of the first mate is lying here.
A crewman is standing here, fighting YOU.
A crewman is standing here, fighting YOU.
A crewman is standing here, fighting YOU.
A crewman is standing here, fighting YOU.
A crewman stands here swabbing the decks.
Manek is standing here, fighting YOU.

517H 151V 3784994X 4.46% 1113C [Att:30.17%] [Yabba:V.Good] [a crewman:V.Good] T:7 Exits:S(D)> 

Sensing danger, you prepare as best you can.
A crewman tries to sweep your legs, but you avoid the attack.
You miss a crewman with your hit.
A crewman misses you with his slash.
A crewman misses you with his pierce.
A crewman misses you with his hit.
A crewman misses you with his slash.
A crewman misses you with his hit.
Manek misses you with his hit.

517H 151V 3784994X 4.46% 1113C [Att:30.17%] [Yabba:V.Good] [a crewman:V.Good] T:4 Exits:S(D)> 

You feel especially skillful today.
Sensing danger, you prepare as best you can.
A crewman tries to sweep your legs, but you avoid the attack.

517H 151V 3784994X 4.46% 1113C [Att:30.17%] [Yabba:V.Good] [a crewman:V.Good] T:4 Exits:S(D)> 

Sensing danger, you prepare as best you can.
You dodge out of the way of a crewman's mistargeted kick.

517H 151V 3784994X 4.46% 1113C [Att:30.17%] [Yabba:V.Good] [a crewman:V.Good] T:4 Exits:S(D)> 
tar manek

A crewman stumbles and falls while trying to bash you.

517H 151V 3784994X 4.46% 1113C [Att:30.17%] [Yabba:V.Good] [a crewman:V.Good] T:4 Exits:S(D)> 
You can't seem to shift your focus.

517H 151V 3784994X 4.46% 1113C [Att:30.17%] [Yabba:V.Good] [a crewman:V.Good] T:4 Exits:S(D)> 
tar manek

Manek shouts 'Lads! Come help me against Yabba!'
Manek tries to punch you, but you deftly avoid his blow.

517H 151V 3784994X 4.46% 1113C [Att:30.17%] [Yabba:V.Good] [a crewman:V.Good] T:1 Exits:S(D)> 

You barely hit a crewman.
A crewman misses you with his slash.
A crewman misses you with his pierce.
A crewman misses you with his hit.
A crewman misses you with his slash.
A crewman misses you with his hit.
Manek misses you with his hit.
You feel especially skillful today.
You feel more vigorous.

574H 151V 3784942X 4.46% 1113C [Att:30.17%] [Yabba:Perfect] [a crewman:V.Good] T:60 Exits:S(D)> 
