Start logging: 27.04.2005 09:53
repl pozjeYou tell Sopro 'pozje'

504H 125V 14507210X 0C Exits:N> 
Sopro tells you 'u menya 1k ostalsya'

504H 125V 14507210X 0C Exits:N> 
Sopro tries to sip, but fails!

517H 125V 14507210X 0C Exits:N> 
Sopro tries to sip, but fails!

517H 125V 14507210X 0C Exits:N> 
Sopro leaves north.

517H 125V 14507210X 0C Exits:N> 
Sanka appears in the middle of the room.

530H 125V 14507210X 0C Exits:N> rent                          a glass eye : 20 coins/day
           a holy symbol of Sargonnas : 40 coins/day
            a dark smoked breastplate : 50 coins/day
   a helmet of ergothian battle armor : 50 coins/day
              a pair of dwarven boots : 450 coins/day
     a pair of green swordsman gloves : 20 coins/day
black metal bracers studded with rubies : 175 coins/day
                          a gold sash : 10 coins/day
              a pouch of forest herbs : 40 coins/day
         an elegant adamantite rapier : 60 coins/day
                a set of black talons : 100 coins/day
                    a priestly diadem : 30 coins/day
                a black priest's robe : 20 coins/day
         the twisted merchant's staff : 15 coins/day
                  some pixie dust [5] : 250 coins/day
      a milky potion of see invisible : 15 coins/day
           a glowing scroll of recall : 15 coins/day
         a pair of dwarven arm plates : 476 coins/day
     some black legplates of the Lily : 45 coins/day
                 a grim looking sword : 300 coins/day
                 a small wooden chest : 1 coin/day
           a large hide waterskin [2] : 12 coins/day
                       a watering can : 3 coins/day
                           a pork pie : 1 coin/day
           an iridescent black rapier : 400 coins/day
a sleek black fanged helm of the Skull : 1250 coins/day
         a crystal shard necklace [3] : 9 coins/day
                     a dark red visor : 90 coins/day
                 a shiny dwarven ring : 90 coins/day
               a heavy dwarven hammer : 40 coins/day
               a small silver thimble : 100 coins/day
              a white chicken feather : 50 coins/day
               a bright ball of light : 0 coins/day
               a flimsy gray wand [2] : 72 coins/day
                 an ancient medallion : 45 coins/day
           black bracers of the Skull : 53 coins/day
The lodge manager tells you 'It will cost you 4397 coins per day.'
The lodge manager tells you 'You will be able to rent for 9 days.'
The lodge manager stores your stuff in the safe, and shows you to your room.

0) Leave Arctic.
1) Enter the game.
2) Change your description.
3) Change your password.
4) Delete this character.

   Make a choice: 1You ran up charges of 61 steel in rent.

Welcome to the land of Krynn.
scoeqlook
The Reception
A wooden bulletin board with the heading 'Wanted' is posted on the wall.
A piece of silver lies on the floor...it glows blue
A small pouch.
A delicious loaf of bread rests upon the ground. [17]
Sanka the Male Human is standing here. (flying) (invisible) (white aura)
The manager of Traveler's Lodge stands here ready to sign you in. (white aura)
A tall and strong bouncer, hired to protect the lodge's customers, stands here.

530H 125V 14507210X 0C Exits:N> You are Dorgoth the Male Human, a level 27 Warrior.
You are 19 years old.
You have 530(530) hit and 125(125) movement points.
Your behaviour has been Evil.
You have scored 57492790 exp, and have 0(13774) steel coins.
You need 14507210 more experience to advance.
You have died 9 horrible deaths.
You have been connected for 0 minute(s).
You have been playing for 3 day(s), 14 hour(s) and 18 minute(s).
Your equipment is currently not being concealed.
You are standing.
You are affected by the following:
    detect invisibility

530H 125V 14507210X 0C Exits:N> scoYou are using:
<worn around neck>         a glass eye
<worn around neck>         a holy symbol of Sargonnas..it glows blue
<worn on body>             a dark smoked breastplate..it glows blue
<worn on head>             a helmet of ergothian battle armor..it glows blue
<worn on feet>             a pair of dwarven boots..it glows blue
<worn on hands>            a pair of green swordsman gloves..it glows blue
<worn on arms>             black metal bracers studded with rubies..it glows blue..it glows dimly
<worn about body>          a gold sash..it glows blue
<worn about waist>         a pouch of forest herbs..it glows blue
<used in primary hand>     an elegant adamantite rapier..it glows blue
<used in secondary hand>   a set of black talons..it glows blue..it hums softly

530H 125V 14507210X 0C Exits:N> The Reception
A wooden bulletin board with the heading 'Wanted' is posted on the wall.
A piece of silver lies on the floor...it glows blue
A small pouch.
A delicious loaf of bread rests upon the ground. [17]
Sanka the Male Human is standing here. (flying) (invisible) (white aura)
The manager of Traveler's Lodge stands here ready to sign you in. (white aura)
A tall and strong bouncer, hired to protect the lodge's customers, stands here.

530H 125V 14507210X 0C Exits:N> You are Dorgoth the Male Human, a level 27 Warrior.
You are 19 years old.
You have 530(530) hit and 125(125) movement points.
Your behaviour has been Evil.
You have scored 57492790 exp, and have 0(13774) steel coins.
You need 14507210 more experience to advance.
You have died 9 horrible deaths.
You have been connected for 0 minute(s).
You have been playing for 3 day(s), 14 hour(s) and 18 minute(s).
Your equipment is currently not being concealed.
You are standing.
You are affected by the following:
    detect invisibility

530H 125V 14507210X 0C Exits:N> nTraveler's Lodge
A Knight of Solamnia walks about the inn, keeping it safe. (white aura)

530H 124V 14507210X 0C Exits:NESW> eVingaard Avenue South

530H 123V 14507210X 0C Exits:NESW> nVingaard Avenue South
A cityguard of Kalaman looks about for signs of trouble. (white aura)

530H 122V 14507210X 0C Exits:NESW> nMarket Square of Kalaman
A woman with a bag of groceries is making her way home.

530H 121V 14507210X 0C Exits:NESW> wwwMarket Street West
A large pigeon is here pecking at some bread crumbs.

530H 120V 14507210X 0C Exits:NESW> Market Street West

530H 119V 14507210X 0C Exits:NESW> Market Street West
A large pigeon is here pecking at some bread crumbs.

530H 118V 14507210X 0C Exits:NESW> nnwwn
Sanka flies in from the east.

530H 118V 14507210X 0C Exits:NESW> Path of the Holy

530H 117V 14507210X 0C Exits:NS> 
Sanka flies in from the south.

530H 117V 14507210X 0C Exits:NS> Path of the Holy

530H 116V 14507210X 0C Exits:NSW> Courtyard to the Temple
A street cleaner is walking about, cleaning up the trash.
A cityguard of Kalaman looks about for signs of trouble. (white aura)

530H 115V 14507210X 0C Exits:NESW> The Temple of Kalaman

530H 114V 14507210X 0C Exits:NEW> At the Altar
A delicious loaf of bread rests upon the ground. [24]
Galene the Male Gnome is resting here. (flying) (invisible) (white aura)
The high priestess of Kalaman bids you a warm welcome to her church. (white aura)
A cityguard stands here, keeping a wary eye out for troublemakers. (white aura)

530H 113V 14507210X 0C Exits:S> lAt the Altar
A delicious loaf of bread rests upon the ground. [24]
Galene the Male Gnome is resting here. (flying) (invisible) (white aura)
The high priestess of Kalaman bids you a warm welcome to her church. (white aura)
A cityguard stands here, keeping a wary eye out for troublemakers. (white aura)

530H 113V 14507210X 0C Exits:S> gro  Member           Hits      Move      Position  Fly Inv Water Here Light Mem
-----------------------------------------------------------------------------
  Dorgoth          perfect   rested    standing   N   N    Y    Y     0    0

530H 113V 14507210X 0C Exits:S> say clerik?You say 'clerik?'

530H 113V 14507210X 0C Exits:S> lAt the Altar
A delicious loaf of bread rests upon the ground. [24]
Galene the Male Gnome is resting here. (flying) (invisible) (white aura)
The high priestess of Kalaman bids you a warm welcome to her church. (white aura)
A cityguard stands here, keeping a wary eye out for troublemakers. (white aura)

530H 113V 14507210X 0C Exits:S> 
Galene nods solemnly.

530H 113V 14507210X 0C Exits:S> say evil?You say 'evil?'

530H 113V 14507210X 0C Exits:S> 
Galene shakes his head.

530H 113V 14507210X 0C Exits:S> nodYou nod solemnly.

530H 113V 14507210X 0C Exits:S> lAt the Altar
A delicious loaf of bread rests upon the ground. [24]
Galene the Male Gnome is resting here. (flying) (invisible) (white aura)
The high priestess of Kalaman bids you a warm welcome to her church. (white aura)
A cityguard stands here, keeping a wary eye out for troublemakers. (white aura)

530H 113V 14507210X 0C Exits:S> mYou have no spells currently memorized.

530H 113V 14507210X 0C Exits:S> eqYou are using:
<worn around neck>         a glass eye
<worn around neck>         a holy symbol of Sargonnas..it glows blue
<worn on body>             a dark smoked breastplate..it glows blue
<worn on head>             a helmet of ergothian battle armor..it glows blue
<worn on feet>             a pair of dwarven boots..it glows blue
<worn on hands>            a pair of green swordsman gloves..it glows blue
<worn on arms>             black metal bracers studded with rubies..it glows blue..it glows dimly
<worn about body>          a gold sash..it glows blue
<worn about waist>         a pouch of forest herbs..it glows blue
<used in primary hand>     an elegant adamantite rapier..it glows blue
<used in secondary hand>   a set of black talons..it glows blue..it hums softly

530H 125V 14507210X 0C Exits:S> inYou are carrying:
a priestly diadem..it glows blue
a black priest's robe..it glows blue
the twisted merchant's staff..it glows blue
some pixie dust..it glows blue..it glows dimly [5]
a milky potion of see invisible..it glows blue
a glowing scroll of recall..it glows blue..it glows dimly
a pair of dwarven arm plates..it glows blue
some black legplates of the Lily..it glows blue
a grim looking sword..it glows blue..it hums softly
a small wooden chest
a heavy dwarven hammer..it glows blue
a small silver thimble..it glows blue
a white chicken feather..it glows blue..it glows dimly
a bright ball of light..it glows dimly
a flimsy gray wand..it glows blue [2]
an ancient medallion..it glows blue
black bracers of the Skull..it glows blue..it glows dimly

530H 125V 14507210X 0C Exits:S> seeThe Temple of Kalaman

530H 124V 14507210X 0C Exits:NEW> sCourtyard to the Temple
A street cleaner is walking about, cleaning up the trash.

530H 123V 14507210X 0C Exits:NESW> Path of the Holy

530H 122V 14507210X 0C Exits:NSW> sPath of the Holy
A large pigeon is here pecking at some bread crumbs.

530H 121V 14507210X 0C Exits:NS> Market Street West

530H 120V 14507210X 0C Exits:NESW> eeeMarket Street West

530H 119V 14507210X 0C Exits:NESW> Market Street West
A woman with a bag of groceries is making her way home.
A large pigeon is here pecking at some bread crumbs.

530H 118V 14507210X 0C Exits:NESW> Market Square of Kalaman
A street cleaner is walking about, cleaning up the trash.

530H 117V 14507210X 0C Exits:NESW> sVingaard Avenue South
A cityguard of Kalaman looks about for signs of trouble. (white aura)

530H 116V 14507210X 0C Exits:NESW> sVingaard Avenue South

530H 115V 14507210X 0C Exits:NESW> eeeImperial Diner
A cityguard stands here, keeping a wary eye out for troublemakers. (white aura)
A waitress is here ready to take your order. (white aura)

530H 114V 14507210X 0C Exits:W> Alas, you cannot go that way...

530H 114V 14507210X 0C Exits:W> Alas, you cannot go that way...

530H 114V 14507210X 0C Exits:W> sswsAlas, you cannot go that way...

530H 114V 14507210X 0C Exits:W> Alas, you cannot go that way...

530H 114V 14507210X 0C Exits:W> Vingaard Avenue South

530H 113V 14507210X 0C Exits:NESW> Vingaard Avenue South

530H 112V 14507210X 0C Exits:NS> nVingaard Avenue South

530H 111V 14507210X 0C Exits:NESW> wTraveler's Lodge
A Knight of Solamnia walks about the inn, keeping it safe. (white aura)

530H 110V 14507210X 0C Exits:NESW> sThe Reception
A wooden bulletin board with the heading 'Wanted' is posted on the wall.
A piece of silver lies on the floor...it glows blue
A small pouch.
A delicious loaf of bread rests upon the ground. [17]
The manager of Traveler's Lodge stands here ready to sign you in. (white aura)
A tall and strong bouncer, hired to protect the lodge's customers, stands here.

530H 109V 14507210X 0C Exits:N> off                          a glass eye : 20 coins/day
           a holy symbol of Sargonnas : 40 coins/day
            a dark smoked breastplate : 50 coins/day
   a helmet of ergothian battle armor : 50 coins/day
              a pair of dwarven boots : 450 coins/day
     a pair of green swordsman gloves : 20 coins/day
black metal bracers studded with rubies : 175 coins/day
                          a gold sash : 10 coins/day
              a pouch of forest herbs : 40 coins/day
         an elegant adamantite rapier : 60 coins/day
                a set of black talons : 100 coins/day
                    a priestly diadem : 30 coins/day
                a black priest's robe : 20 coins/day
         the twisted merchant's staff : 15 coins/day
                  some pixie dust [5] : 250 coins/day
      a milky potion of see invisible : 15 coins/day
           a glowing scroll of recall : 15 coins/day
         a pair of dwarven arm plates : 476 coins/day
     some black legplates of the Lily : 45 coins/day
                 a grim looking sword : 300 coins/day
                 a small wooden chest : 1 coin/day
           a large hide waterskin [2] : 12 coins/day
                       a watering can : 3 coins/day
                           a pork pie : 1 coin/day
           an iridescent black rapier : 400 coins/day
a sleek black fanged helm of the Skull : 1250 coins/day
         a crystal shard necklace [3] : 9 coins/day
                     a dark red visor : 90 coins/day
                 a shiny dwarven ring : 90 coins/day
               a heavy dwarven hammer : 40 coins/day
               a small silver thimble : 100 coins/day
              a white chicken feather : 50 coins/day
               a bright ball of light : 0 coins/day
               a flimsy gray wand [2] : 72 coins/day
                 an ancient medallion : 45 coins/day
           black bracers of the Skull : 53 coins/day
The lodge manager tells you 'It will cost you 4397 coins per day.'
The lodge manager tells you 'You will be able to rent for 9 days.'

530H 109V 14507210X 0C Exits:N> rent                          a glass eye : 20 coins/day
           a holy symbol of Sargonnas : 40 coins/day
            a dark smoked breastplate : 50 coins/day
   a helmet of ergothian battle armor : 50 coins/day
              a pair of dwarven boots : 450 coins/day
     a pair of green swordsman gloves : 20 coins/day
black metal bracers studded with rubies : 175 coins/day
                          a gold sash : 10 coins/day
              a pouch of forest herbs : 40 coins/day
         an elegant adamantite rapier : 60 coins/day
                a set of black talons : 100 coins/day
                    a priestly diadem : 30 coins/day
                a black priest's robe : 20 coins/day
         the twisted merchant's staff : 15 coins/day
                  some pixie dust [5] : 250 coins/day
      a milky potion of see invisible : 15 coins/day
           a glowing scroll of recall : 15 coins/day
         a pair of dwarven arm plates : 476 coins/day
     some black legplates of the Lily : 45 coins/day
                 a grim looking sword : 300 coins/day
                 a small wooden chest : 1 coin/day
           a large hide waterskin [2] : 12 coins/day
                       a watering can : 3 coins/day
                           a pork pie : 1 coin/day
           an iridescent black rapier : 400 coins/day
a sleek black fanged helm of the Skull : 1250 coins/day
         a crystal shard necklace [3] : 9 coins/day
                     a dark red visor : 90 coins/day
                 a shiny dwarven ring : 90 coins/day
               a heavy dwarven hammer : 40 coins/day
               a small silver thimble : 100 coins/day
              a white chicken feather : 50 coins/day
               a bright ball of light : 0 coins/day
               a flimsy gray wand [2] : 72 coins/day
                 an ancient medallion : 45 coins/day
           black bracers of the Skull : 53 coins/day
The lodge manager tells you 'It will cost you 4397 coins per day.'
The lodge manager tells you 'You will be able to rent for 9 days.'
The lodge manager stores your stuff in the safe, and shows you to your room.

0) Leave Arctic.
1) Enter the game.
2) Change your description.
3) Change your password.
4) Delete this character.

   Make a choice: 0

Thank you for playing.

Start logging: 20.05.2005 22:08
